2019-04-16 11:31:13,542 root INFO runner:24 Start to execute  automation cases
2019-04-16 11:31:14,017 root INFO baseapi:12 init base api interface
2019-04-16 11:31:14,017 root INFO membermanagment:14 Init member management API
2019-04-16 11:31:14,017 root DEBUG membermanagment:45 ******************json_object{'testcase1': {'req': {'userid': 'liebao5', 'name': '猎豹5', 'alias': 'liebao', 'mobile': '16913215452', 'department': [1, 3], 'order': [0, 40], 'position': '开发经理', 'gender': '1', 'email': 'liebao5@gzdev.com', 'is_leader_in_dept': [1, 0], 'enable': 1, 'avatar_mediaid': '2sa-MipyTojfas2HfBeAt8vKAsxAMnCBXZCK-wGYjf3ZVtSgVowNLGiAGF3TRObVw', 'telephone': '021-1223456', 'address': '广州市海珠区新港中路'}, 'res': {'errcode': 0, 'errmsg': 'created'}}, 'testcase2': {'req': {'userid': 'liebao6', 'name': '猎豹6', 'alias': 'liebao', 'mobile': '16913215462', 'department': [1, 3], 'order': [0, 40], 'position': '开发经理', 'gender': '1', 'email': 'liebao6@gzdev.com', 'is_leader_in_dept': [1, 0], 'enable': 1, 'avatar_mediaid': '2sa-MipyTojfas2HfBeAt8vKAsxAMnCBXZCK-wGYjf3ZVtSgVowNLGiAGF3TRObVw', 'telephone': '021-1223456', 'address': '广州市海珠区新港中路'}, 'res': {'errcode': 0, 'errmsg': 'created'}}}
2019-04-16 11:31:14,103 root INFO runner:40 End to execute APP UI automaction cases
2019-04-16 11:33:10,991 root INFO runner:24 Start to execute  automation cases
2019-04-16 11:33:11,473 root INFO baseapi:12 init base api interface
2019-04-16 11:33:11,473 root INFO membermanagment:14 Init member management API
2019-04-16 11:33:11,473 root DEBUG membermanagment:45 ******************json_object{'testcase1': {'req': {'userid': 'liebao5', 'name': '猎豹5', 'alias': 'liebao', 'mobile': '16913215452', 'department': [1, 3], 'order': [0, 40], 'position': '开发经理', 'gender': '1', 'email': 'liebao5@gzdev.com', 'is_leader_in_dept': [1, 0], 'enable': 1, 'avatar_mediaid': '2sa-MipyTojfas2HfBeAt8vKAsxAMnCBXZCK-wGYjf3ZVtSgVowNLGiAGF3TRObVw', 'telephone': '021-1223456', 'address': '广州市海珠区新港中路'}, 'res': {'errcode': 0, 'errmsg': 'created'}}, 'testcase2': {'req': {'userid': 'liebao6', 'name': '猎豹6', 'alias': 'liebao', 'mobile': '16913215462', 'department': [1, 3], 'order': [0, 40], 'position': '开发经理', 'gender': '1', 'email': 'liebao6@gzdev.com', 'is_leader_in_dept': [1, 0], 'enable': 1, 'avatar_mediaid': '2sa-MipyTojfas2HfBeAt8vKAsxAMnCBXZCK-wGYjf3ZVtSgVowNLGiAGF3TRObVw', 'telephone': '021-1223456', 'address': '广州市海珠区新港中路'}, 'res': {'errcode': 0, 'errmsg': 'created'}}}
2019-04-16 11:33:11,474 root DEBUG test_create_member3:24 case_json_object{'userid': 'liebao5', 'name': '猎豹5', 'alias': 'liebao', 'mobile': '16913215452', 'department': [1, 3], 'order': [0, 40], 'position': '开发经理', 'gender': '1', 'email': 'liebao5@gzdev.com', 'is_leader_in_dept': [1, 0], 'enable': 1, 'avatar_mediaid': '2sa-MipyTojfas2HfBeAt8vKAsxAMnCBXZCK-wGYjf3ZVtSgVowNLGiAGF3TRObVw', 'telephone': '021-1223456', 'address': '广州市海珠区新港中路'}
2019-04-16 11:33:11,474 root INFO baseapi:20 params{'corpid': 'ww62742b72ef63f493', 'corpsecret': 'psWTGTOROf9KK2L9ba-ZP9lXBf0XSOsP5MIGaGwKI7s'}
2019-04-16 11:33:11,474 root INFO baseapi:21 token_url:https://qyapi.weixin.qq.com/cgi-bin/gettoken
2019-04-16 11:33:11,477 urllib3.connectionpool DEBUG connectionpool:813 Starting new HTTPS connection (1): qyapi.weixin.qq.com:443
2019-04-16 11:33:11,877 urllib3.connectionpool DEBUG connectionpool:393 https://qyapi.weixin.qq.com:443 "GET /cgi-bin/gettoken?corpid=ww62742b72ef63f493&corpsecret=psWTGTOROf9KK2L9ba-ZP9lXBf0XSOsP5MIGaGwKI7s HTTP/1.1" 200 277
2019-04-16 11:33:11,884 urllib3.connectionpool DEBUG connectionpool:813 Starting new HTTPS connection (1): qyapi.weixin.qq.com:443
2019-04-16 11:33:12,519 urllib3.connectionpool DEBUG connectionpool:393 https://qyapi.weixin.qq.com:443 "POST /cgi-bin/user/create?access_token=knW6FdSxjLP530igrIYMPmrvGbCabbjPU7W4VtvsroH7A-TV7MCrPtyve5SZlI0V09CVZ10cyo3BVeC2uT-lISOzxSKuf1QjGsoTNarxic4E0rAnxmMHwh1Gi4eC-wl4JCfJ-w4h6LLqpPBQ6PQYRWkGdNL02pQ6Di6MXFhp6kO2mu0T2ELjlDqy06uNh_jCQHjWu6msEOxw__Dp3S0vGg HTTP/1.1" 200 32
2019-04-16 11:33:12,521 root DEBUG test_create_member3:30 <class 'dict'>
2019-04-16 11:33:12,521 root DEBUG test_create_member3:31 <class 'dict'>
2019-04-16 11:33:12,521 root DEBUG test_create_member3:32 @@@@@@@@@@@@stand_res{'errcode': 0, 'errmsg': 'created'}
2019-04-16 11:33:12,521 root DEBUG test_create_member3:33 @@@@@@@@@@@@stand_res{'errcode': 0, 'errmsg': 'created'}
2019-04-16 11:33:12,521 root DEBUG test_create_member3:24 case_json_object{'userid': 'liebao6', 'name': '猎豹6', 'alias': 'liebao', 'mobile': '16913215462', 'department': [1, 3], 'order': [0, 40], 'position': '开发经理', 'gender': '1', 'email': 'liebao6@gzdev.com', 'is_leader_in_dept': [1, 0], 'enable': 1, 'avatar_mediaid': '2sa-MipyTojfas2HfBeAt8vKAsxAMnCBXZCK-wGYjf3ZVtSgVowNLGiAGF3TRObVw', 'telephone': '021-1223456', 'address': '广州市海珠区新港中路'}
2019-04-16 11:33:12,521 root INFO baseapi:20 params{'corpid': 'ww62742b72ef63f493', 'corpsecret': 'psWTGTOROf9KK2L9ba-ZP9lXBf0XSOsP5MIGaGwKI7s'}
2019-04-16 11:33:12,521 root INFO baseapi:21 token_url:https://qyapi.weixin.qq.com/cgi-bin/gettoken
2019-04-16 11:33:12,524 urllib3.connectionpool DEBUG connectionpool:813 Starting new HTTPS connection (1): qyapi.weixin.qq.com:443
2019-04-16 11:33:12,703 urllib3.connectionpool DEBUG connectionpool:393 https://qyapi.weixin.qq.com:443 "GET /cgi-bin/gettoken?corpid=ww62742b72ef63f493&corpsecret=psWTGTOROf9KK2L9ba-ZP9lXBf0XSOsP5MIGaGwKI7s HTTP/1.1" 200 277
2019-04-16 11:33:12,707 urllib3.connectionpool DEBUG connectionpool:813 Starting new HTTPS connection (1): qyapi.weixin.qq.com:443
2019-04-16 11:33:13,161 urllib3.connectionpool DEBUG connectionpool:393 https://qyapi.weixin.qq.com:443 "POST /cgi-bin/user/create?access_token=knW6FdSxjLP530igrIYMPmrvGbCabbjPU7W4VtvsroH7A-TV7MCrPtyve5SZlI0V09CVZ10cyo3BVeC2uT-lISOzxSKuf1QjGsoTNarxic4E0rAnxmMHwh1Gi4eC-wl4JCfJ-w4h6LLqpPBQ6PQYRWkGdNL02pQ6Di6MXFhp6kO2mu0T2ELjlDqy06uNh_jCQHjWu6msEOxw__Dp3S0vGg HTTP/1.1" 200 32
2019-04-16 11:33:13,165 root DEBUG test_create_member3:30 <class 'dict'>
2019-04-16 11:33:13,165 root DEBUG test_create_member3:31 <class 'dict'>
2019-04-16 11:33:13,165 root DEBUG test_create_member3:32 @@@@@@@@@@@@stand_res{'errcode': 0, 'errmsg': 'created'}
2019-04-16 11:33:13,165 root DEBUG test_create_member3:33 @@@@@@@@@@@@stand_res{'errcode': 0, 'errmsg': 'created'}
2019-04-16 11:33:13,173 root INFO runner:40 End to execute APP UI automaction cases
2019-04-16 11:41:35,587 root INFO runner:24 Start to execute  automation cases
2019-04-16 11:41:36,082 root INFO baseapi:12 init base api interface
2019-04-16 11:41:36,163 root INFO runner:40 End to execute APP UI automaction cases
2019-04-16 11:43:59,165 root INFO runner:24 Start to execute  automation cases
2019-04-16 11:43:59,638 root INFO baseapi:12 init base api interface
2019-04-16 11:43:59,638 root INFO membermanagment:14 Init member management API
2019-04-16 11:43:59,639 root DEBUG membermanagment:45 ******************json_object{'testcase1': {'req': {'userid': 'liebao5', 'name': '猎豹5', 'alias': 'liebao', 'mobile': '16913215452', 'department': [1, 3], 'order': [0, 40], 'position': '开发经理', 'gender': '1', 'email': 'liebao5@gzdev.com', 'is_leader_in_dept': [1, 0], 'enable': 1, 'avatar_mediaid': '2sa-MipyTojfas2HfBeAt8vKAsxAMnCBXZCK-wGYjf3ZVtSgVowNLGiAGF3TRObVw', 'telephone': '021-1223456', 'address': '广州市海珠区新港中路'}, 'res': {'errcode': 0, 'errmsg': 'created'}}, 'testcase2': {'req': {'userid': 'liebao6', 'name': '猎豹6', 'alias': 'liebao', 'mobile': '16913215462', 'department': [1, 3], 'order': [0, 40], 'position': '开发经理', 'gender': '1', 'email': 'liebao6@gzdev.com', 'is_leader_in_dept': [1, 0], 'enable': 1, 'avatar_mediaid': '2sa-MipyTojfas2HfBeAt8vKAsxAMnCBXZCK-wGYjf3ZVtSgVowNLGiAGF3TRObVw', 'telephone': '021-1223456', 'address': '广州市海珠区新港中路'}, 'res': {'errcode': 0, 'errmsg': 'created'}}}
2019-04-16 11:43:59,639 root DEBUG test_create_member3:19 case_json_object{'userid': 'liebao5', 'name': '猎豹5', 'alias': 'liebao', 'mobile': '16913215452', 'department': [1, 3], 'order': [0, 40], 'position': '开发经理', 'gender': '1', 'email': 'liebao5@gzdev.com', 'is_leader_in_dept': [1, 0], 'enable': 1, 'avatar_mediaid': '2sa-MipyTojfas2HfBeAt8vKAsxAMnCBXZCK-wGYjf3ZVtSgVowNLGiAGF3TRObVw', 'telephone': '021-1223456', 'address': '广州市海珠区新港中路'}
2019-04-16 11:43:59,640 root INFO baseapi:20 params{'corpid': 'ww62742b72ef63f493', 'corpsecret': 'psWTGTOROf9KK2L9ba-ZP9lXBf0XSOsP5MIGaGwKI7s'}
2019-04-16 11:43:59,640 root INFO baseapi:21 token_url:https://qyapi.weixin.qq.com/cgi-bin/gettoken
2019-04-16 11:43:59,643 urllib3.connectionpool DEBUG connectionpool:813 Starting new HTTPS connection (1): qyapi.weixin.qq.com:443
2019-04-16 11:44:00,191 urllib3.connectionpool DEBUG connectionpool:393 https://qyapi.weixin.qq.com:443 "GET /cgi-bin/gettoken?corpid=ww62742b72ef63f493&corpsecret=psWTGTOROf9KK2L9ba-ZP9lXBf0XSOsP5MIGaGwKI7s HTTP/1.1" 200 277
2019-04-16 11:44:00,195 urllib3.connectionpool DEBUG connectionpool:813 Starting new HTTPS connection (1): qyapi.weixin.qq.com:443
2019-04-16 11:44:00,460 urllib3.connectionpool DEBUG connectionpool:393 https://qyapi.weixin.qq.com:443 "POST /cgi-bin/user/create?access_token=knW6FdSxjLP530igrIYMPmrvGbCabbjPU7W4VtvsroH7A-TV7MCrPtyve5SZlI0V09CVZ10cyo3BVeC2uT-lISOzxSKuf1QjGsoTNarxic4E0rAnxmMHwh1Gi4eC-wl4JCfJ-w4h6LLqpPBQ6PQYRWkGdNL02pQ6Di6MXFhp6kO2mu0T2ELjlDqy06uNh_jCQHjWu6msEOxw__Dp3S0vGg HTTP/1.1" 200 51
2019-04-16 11:44:00,556 root INFO runner:40 End to execute APP UI automaction cases
2019-04-16 15:11:07,804 root INFO runner:24 Start to execute  automation cases
2019-04-16 15:11:08,402 root INFO baseapi:12 init base api interface
2019-04-16 15:11:08,402 root INFO membermanagment:14 Init member management API
2019-04-16 15:11:08,403 root DEBUG membermanagment:45 ******************json_object{'testcase1': {'req': {'userid': 'liebao5', 'name': '猎豹5', 'alias': 'liebao', 'mobile': '16913215452', 'department': [1, 3], 'order': [0, 40], 'position': '开发经理', 'gender': '1', 'email': 'liebao5@gzdev.com', 'is_leader_in_dept': [1, 0], 'enable': 1, 'avatar_mediaid': '2sa-MipyTojfas2HfBeAt8vKAsxAMnCBXZCK-wGYjf3ZVtSgVowNLGiAGF3TRObVw', 'telephone': '021-1223456', 'address': '广州市海珠区新港中路'}, 'res': {'errcode': 0, 'errmsg': 'created'}}, 'testcase2': {'req': {'userid': 'liebao6', 'name': '猎豹6', 'alias': 'liebao', 'mobile': '16913215462', 'department': [1, 3], 'order': [0, 40], 'position': '开发经理', 'gender': '1', 'email': 'liebao6@gzdev.com', 'is_leader_in_dept': [1, 0], 'enable': 1, 'avatar_mediaid': '2sa-MipyTojfas2HfBeAt8vKAsxAMnCBXZCK-wGYjf3ZVtSgVowNLGiAGF3TRObVw', 'telephone': '021-1223456', 'address': '广州市海珠区新港中路'}, 'res': {'errcode': 0, 'errmsg': 'created'}}}
2019-04-16 15:11:08,403 root DEBUG test_create_member3:19 case_json_object{'userid': 'liebao5', 'name': '猎豹5', 'alias': 'liebao', 'mobile': '16913215452', 'department': [1, 3], 'order': [0, 40], 'position': '开发经理', 'gender': '1', 'email': 'liebao5@gzdev.com', 'is_leader_in_dept': [1, 0], 'enable': 1, 'avatar_mediaid': '2sa-MipyTojfas2HfBeAt8vKAsxAMnCBXZCK-wGYjf3ZVtSgVowNLGiAGF3TRObVw', 'telephone': '021-1223456', 'address': '广州市海珠区新港中路'}
2019-04-16 15:11:08,403 root INFO baseapi:20 params{'corpid': 'ww62742b72ef63f493', 'corpsecret': 'psWTGTOROf9KK2L9ba-ZP9lXBf0XSOsP5MIGaGwKI7s'}
2019-04-16 15:11:08,403 root INFO baseapi:21 token_url:https://qyapi.weixin.qq.com/cgi-bin/gettoken
2019-04-16 15:11:08,407 urllib3.connectionpool DEBUG connectionpool:813 Starting new HTTPS connection (1): qyapi.weixin.qq.com:443
2019-04-16 15:11:08,971 urllib3.connectionpool DEBUG connectionpool:393 https://qyapi.weixin.qq.com:443 "GET /cgi-bin/gettoken?corpid=ww62742b72ef63f493&corpsecret=psWTGTOROf9KK2L9ba-ZP9lXBf0XSOsP5MIGaGwKI7s HTTP/1.1" 200 277
2019-04-16 15:11:08,978 urllib3.connectionpool DEBUG connectionpool:813 Starting new HTTPS connection (1): qyapi.weixin.qq.com:443
2019-04-16 15:11:09,166 urllib3.connectionpool DEBUG connectionpool:393 https://qyapi.weixin.qq.com:443 "POST /cgi-bin/user/create?access_token=B2K46WUC2PU1ZMqesbcQTwk6SIqF9quViHqnxUaa9WI_Bl4qU8EM_Kg-fJv-xNXUcy_IJlI_fE-xqi6BqZSzP9HKEOW0_7IbdKUweLsKAmhDkoSikeJkvThgB9b4pI1o9BnmeqGptMN0mqpA6Q-WX6wjoYwQgZJ8OHg8rWyfl4G73HPF4dmJfh1ODUmOzPfh_GrX204TOZu_DyxbHGU18A HTTP/1.1" 200 166
2019-04-16 15:11:09,257 root INFO runner:40 End to execute APP UI automaction cases
2019-04-16 15:14:05,532 root INFO runner:24 Start to execute  automation cases
2019-04-16 15:14:06,011 root INFO baseapi:12 init base api interface
2019-04-16 15:14:06,011 root INFO membermanagment:14 Init member management API
2019-04-16 15:14:06,012 root DEBUG membermanagment:45 ******************json_object{'testcase1': {'req': {'userid': 'liebao', 'name': '猎豹5', 'alias': 'liebao', 'mobile': '16913215452', 'department': [1, 3], 'order': [0, 40], 'position': '开发经理', 'gender': '1', 'email': 'liebao5@gzdev.com', 'is_leader_in_dept': [1, 0], 'enable': 1, 'avatar_mediaid': '2sa-MipyTojfas2HfBeAt8vKAsxAMnCBXZCK-wGYjf3ZVtSgVowNLGiAGF3TRObVw', 'telephone': '021-1223456', 'address': '广州市海珠区新港中路'}, 'res': {'errcode': 0, 'errmsg': 'created'}}, 'testcase2': {'req': {'userid': 'xiaohul', 'name': '猎豹6', 'alias': 'liebao', 'mobile': '16913215462', 'department': [1, 3], 'order': [0, 40], 'position': '开发经理', 'gender': '1', 'email': 'liebao6@gzdev.com', 'is_leader_in_dept': [1, 0], 'enable': 1, 'avatar_mediaid': '2sa-MipyTojfas2HfBeAt8vKAsxAMnCBXZCK-wGYjf3ZVtSgVowNLGiAGF3TRObVw', 'telephone': '021-1223456', 'address': '广州市海珠区新港中路'}, 'res': {'errcode': 0, 'errmsg': 'created'}}}
2019-04-16 15:14:06,012 root DEBUG test_create_member3:19 case_json_object{'userid': 'liebao', 'name': '猎豹5', 'alias': 'liebao', 'mobile': '16913215452', 'department': [1, 3], 'order': [0, 40], 'position': '开发经理', 'gender': '1', 'email': 'liebao5@gzdev.com', 'is_leader_in_dept': [1, 0], 'enable': 1, 'avatar_mediaid': '2sa-MipyTojfas2HfBeAt8vKAsxAMnCBXZCK-wGYjf3ZVtSgVowNLGiAGF3TRObVw', 'telephone': '021-1223456', 'address': '广州市海珠区新港中路'}
2019-04-16 15:14:06,012 root INFO baseapi:20 params{'corpid': 'ww62742b72ef63f493', 'corpsecret': 'psWTGTOROf9KK2L9ba-ZP9lXBf0XSOsP5MIGaGwKI7s'}
2019-04-16 15:14:06,012 root INFO baseapi:21 token_url:https://qyapi.weixin.qq.com/cgi-bin/gettoken
2019-04-16 15:14:06,016 urllib3.connectionpool DEBUG connectionpool:813 Starting new HTTPS connection (1): qyapi.weixin.qq.com:443
2019-04-16 15:14:06,420 urllib3.connectionpool DEBUG connectionpool:393 https://qyapi.weixin.qq.com:443 "GET /cgi-bin/gettoken?corpid=ww62742b72ef63f493&corpsecret=psWTGTOROf9KK2L9ba-ZP9lXBf0XSOsP5MIGaGwKI7s HTTP/1.1" 200 277
2019-04-16 15:14:06,424 urllib3.connectionpool DEBUG connectionpool:813 Starting new HTTPS connection (1): qyapi.weixin.qq.com:443
2019-04-16 15:14:07,019 urllib3.connectionpool DEBUG connectionpool:393 https://qyapi.weixin.qq.com:443 "POST /cgi-bin/user/create?access_token=B2K46WUC2PU1ZMqesbcQTwk6SIqF9quViHqnxUaa9WI_Bl4qU8EM_Kg-fJv-xNXUcy_IJlI_fE-xqi6BqZSzP9HKEOW0_7IbdKUweLsKAmhDkoSikeJkvThgB9b4pI1o9BnmeqGptMN0mqpA6Q-WX6wjoYwQgZJ8OHg8rWyfl4G73HPF4dmJfh1ODUmOzPfh_GrX204TOZu_DyxbHGU18A HTTP/1.1" 200 32
2019-04-16 15:14:07,022 root DEBUG test_create_member3:19 case_json_object{'userid': 'xiaohul', 'name': '猎豹6', 'alias': 'liebao', 'mobile': '16913215462', 'department': [1, 3], 'order': [0, 40], 'position': '开发经理', 'gender': '1', 'email': 'liebao6@gzdev.com', 'is_leader_in_dept': [1, 0], 'enable': 1, 'avatar_mediaid': '2sa-MipyTojfas2HfBeAt8vKAsxAMnCBXZCK-wGYjf3ZVtSgVowNLGiAGF3TRObVw', 'telephone': '021-1223456', 'address': '广州市海珠区新港中路'}
2019-04-16 15:14:07,022 root INFO baseapi:20 params{'corpid': 'ww62742b72ef63f493', 'corpsecret': 'psWTGTOROf9KK2L9ba-ZP9lXBf0XSOsP5MIGaGwKI7s'}
2019-04-16 15:14:07,022 root INFO baseapi:21 token_url:https://qyapi.weixin.qq.com/cgi-bin/gettoken
2019-04-16 15:14:07,024 urllib3.connectionpool DEBUG connectionpool:813 Starting new HTTPS connection (1): qyapi.weixin.qq.com:443
2019-04-16 15:14:07,205 urllib3.connectionpool DEBUG connectionpool:393 https://qyapi.weixin.qq.com:443 "GET /cgi-bin/gettoken?corpid=ww62742b72ef63f493&corpsecret=psWTGTOROf9KK2L9ba-ZP9lXBf0XSOsP5MIGaGwKI7s HTTP/1.1" 200 277
2019-04-16 15:14:07,212 urllib3.connectionpool DEBUG connectionpool:813 Starting new HTTPS connection (1): qyapi.weixin.qq.com:443
2019-04-16 15:14:07,751 urllib3.connectionpool DEBUG connectionpool:393 https://qyapi.weixin.qq.com:443 "POST /cgi-bin/user/create?access_token=B2K46WUC2PU1ZMqesbcQTwk6SIqF9quViHqnxUaa9WI_Bl4qU8EM_Kg-fJv-xNXUcy_IJlI_fE-xqi6BqZSzP9HKEOW0_7IbdKUweLsKAmhDkoSikeJkvThgB9b4pI1o9BnmeqGptMN0mqpA6Q-WX6wjoYwQgZJ8OHg8rWyfl4G73HPF4dmJfh1ODUmOzPfh_GrX204TOZu_DyxbHGU18A HTTP/1.1" 200 32
2019-04-16 15:14:07,757 root INFO runner:40 End to execute APP UI automaction cases
2019-04-16 15:14:47,868 root INFO runner:24 Start to execute  automation cases
2019-04-16 15:14:48,314 root INFO baseapi:12 init base api interface
2019-04-16 15:14:48,315 root INFO membermanagment:14 Init member management API
2019-04-16 15:14:48,315 root DEBUG membermanagment:45 ******************json_object{'testcase1': {'req': {'userid': 'liebao', 'name': '猎豹5', 'alias': 'liebao', 'mobile': '16913215452', 'department': [1, 3], 'order': [0, 40], 'position': '开发经理', 'gender': '1', 'email': 'liebao5@gzdev.com', 'is_leader_in_dept': [1, 0], 'enable': 1, 'avatar_mediaid': '2sa-MipyTojfas2HfBeAt8vKAsxAMnCBXZCK-wGYjf3ZVtSgVowNLGiAGF3TRObVw', 'telephone': '021-1223456', 'address': '广州市海珠区新港中路'}, 'res': {'errcode': 0, 'errmsg': 'created'}}, 'testcase2': {'req': {'userid': 'xiaohul', 'name': '猎豹6', 'alias': 'liebao', 'mobile': '16913215462', 'department': [1, 3], 'order': [0, 40], 'position': '开发经理', 'gender': '1', 'email': 'liebao6@gzdev.com', 'is_leader_in_dept': [1, 0], 'enable': 1, 'avatar_mediaid': '2sa-MipyTojfas2HfBeAt8vKAsxAMnCBXZCK-wGYjf3ZVtSgVowNLGiAGF3TRObVw', 'telephone': '021-1223456', 'address': '广州市海珠区新港中路'}, 'res': {'errcode': 0, 'errmsg': 'created'}}}
2019-04-16 15:14:48,315 root DEBUG test_create_member3:19 case_json_object{'userid': 'liebao', 'name': '猎豹5', 'alias': 'liebao', 'mobile': '16913215452', 'department': [1, 3], 'order': [0, 40], 'position': '开发经理', 'gender': '1', 'email': 'liebao5@gzdev.com', 'is_leader_in_dept': [1, 0], 'enable': 1, 'avatar_mediaid': '2sa-MipyTojfas2HfBeAt8vKAsxAMnCBXZCK-wGYjf3ZVtSgVowNLGiAGF3TRObVw', 'telephone': '021-1223456', 'address': '广州市海珠区新港中路'}
2019-04-16 15:14:48,315 root INFO baseapi:20 params{'corpid': 'ww62742b72ef63f493', 'corpsecret': 'psWTGTOROf9KK2L9ba-ZP9lXBf0XSOsP5MIGaGwKI7s'}
2019-04-16 15:14:48,315 root INFO baseapi:21 token_url:https://qyapi.weixin.qq.com/cgi-bin/gettoken
2019-04-16 15:14:48,319 urllib3.connectionpool DEBUG connectionpool:813 Starting new HTTPS connection (1): qyapi.weixin.qq.com:443
2019-04-16 15:14:48,714 urllib3.connectionpool DEBUG connectionpool:393 https://qyapi.weixin.qq.com:443 "GET /cgi-bin/gettoken?corpid=ww62742b72ef63f493&corpsecret=psWTGTOROf9KK2L9ba-ZP9lXBf0XSOsP5MIGaGwKI7s HTTP/1.1" 200 277
2019-04-16 15:14:48,721 urllib3.connectionpool DEBUG connectionpool:813 Starting new HTTPS connection (1): qyapi.weixin.qq.com:443
2019-04-16 15:14:49,217 urllib3.connectionpool DEBUG connectionpool:393 https://qyapi.weixin.qq.com:443 "POST /cgi-bin/user/create?access_token=B2K46WUC2PU1ZMqesbcQTwk6SIqF9quViHqnxUaa9WI_Bl4qU8EM_Kg-fJv-xNXUcy_IJlI_fE-xqi6BqZSzP9HKEOW0_7IbdKUweLsKAmhDkoSikeJkvThgB9b4pI1o9BnmeqGptMN0mqpA6Q-WX6wjoYwQgZJ8OHg8rWyfl4G73HPF4dmJfh1ODUmOzPfh_GrX204TOZu_DyxbHGU18A HTTP/1.1" 200 32
2019-04-16 15:14:49,220 root DEBUG test_create_member3:19 case_json_object{'userid': 'xiaohul', 'name': '猎豹6', 'alias': 'liebao', 'mobile': '16913215462', 'department': [1, 3], 'order': [0, 40], 'position': '开发经理', 'gender': '1', 'email': 'liebao6@gzdev.com', 'is_leader_in_dept': [1, 0], 'enable': 1, 'avatar_mediaid': '2sa-MipyTojfas2HfBeAt8vKAsxAMnCBXZCK-wGYjf3ZVtSgVowNLGiAGF3TRObVw', 'telephone': '021-1223456', 'address': '广州市海珠区新港中路'}
2019-04-16 15:14:49,220 root INFO baseapi:20 params{'corpid': 'ww62742b72ef63f493', 'corpsecret': 'psWTGTOROf9KK2L9ba-ZP9lXBf0XSOsP5MIGaGwKI7s'}
2019-04-16 15:14:49,221 root INFO baseapi:21 token_url:https://qyapi.weixin.qq.com/cgi-bin/gettoken
2019-04-16 15:14:49,225 urllib3.connectionpool DEBUG connectionpool:813 Starting new HTTPS connection (1): qyapi.weixin.qq.com:443
2019-04-16 15:14:49,421 urllib3.connectionpool DEBUG connectionpool:393 https://qyapi.weixin.qq.com:443 "GET /cgi-bin/gettoken?corpid=ww62742b72ef63f493&corpsecret=psWTGTOROf9KK2L9ba-ZP9lXBf0XSOsP5MIGaGwKI7s HTTP/1.1" 200 277
2019-04-16 15:14:49,428 urllib3.connectionpool DEBUG connectionpool:813 Starting new HTTPS connection (1): qyapi.weixin.qq.com:443
2019-04-16 15:14:50,035 urllib3.connectionpool DEBUG connectionpool:393 https://qyapi.weixin.qq.com:443 "POST /cgi-bin/user/create?access_token=B2K46WUC2PU1ZMqesbcQTwk6SIqF9quViHqnxUaa9WI_Bl4qU8EM_Kg-fJv-xNXUcy_IJlI_fE-xqi6BqZSzP9HKEOW0_7IbdKUweLsKAmhDkoSikeJkvThgB9b4pI1o9BnmeqGptMN0mqpA6Q-WX6wjoYwQgZJ8OHg8rWyfl4G73HPF4dmJfh1ODUmOzPfh_GrX204TOZu_DyxbHGU18A HTTP/1.1" 200 32
2019-04-16 15:14:50,045 root INFO runner:40 End to execute APP UI automaction cases
2019-04-16 15:15:16,965 root INFO runner:24 Start to execute  automation cases
2019-04-16 15:15:17,449 root INFO baseapi:12 init base api interface
2019-04-16 15:15:17,449 root INFO membermanagment:14 Init member management API
2019-04-16 15:15:17,450 root DEBUG membermanagment:45 ******************json_object{'testcase1': {'req': {'userid': 'liebao', 'name': '猎豹5', 'alias': 'liebao', 'mobile': '16913215452', 'department': [1, 3], 'order': [0, 40], 'position': '开发经理', 'gender': '1', 'email': 'liebao5@gzdev.com', 'is_leader_in_dept': [1, 0], 'enable': 1, 'avatar_mediaid': '2sa-MipyTojfas2HfBeAt8vKAsxAMnCBXZCK-wGYjf3ZVtSgVowNLGiAGF3TRObVw', 'telephone': '021-1223456', 'address': '广州市海珠区新港中路'}, 'res': {'errcode': 0, 'errmsg': 'created'}}, 'testcase2': {'req': {'userid': 'xiaohul', 'name': '猎豹6', 'alias': 'liebao', 'mobile': '16913215462', 'department': [1, 3], 'order': [0, 40], 'position': '开发经理', 'gender': '1', 'email': 'liebao6@gzdev.com', 'is_leader_in_dept': [1, 0], 'enable': 1, 'avatar_mediaid': '2sa-MipyTojfas2HfBeAt8vKAsxAMnCBXZCK-wGYjf3ZVtSgVowNLGiAGF3TRObVw', 'telephone': '021-1223456', 'address': '广州市海珠区新港中路'}, 'res': {'errcode': 0, 'errmsg': 'created'}}}
2019-04-16 15:15:17,450 root DEBUG test_create_member3:19 case_json_object{'userid': 'liebao', 'name': '猎豹5', 'alias': 'liebao', 'mobile': '16913215452', 'department': [1, 3], 'order': [0, 40], 'position': '开发经理', 'gender': '1', 'email': 'liebao5@gzdev.com', 'is_leader_in_dept': [1, 0], 'enable': 1, 'avatar_mediaid': '2sa-MipyTojfas2HfBeAt8vKAsxAMnCBXZCK-wGYjf3ZVtSgVowNLGiAGF3TRObVw', 'telephone': '021-1223456', 'address': '广州市海珠区新港中路'}
2019-04-16 15:15:17,450 root INFO baseapi:20 params{'corpid': 'ww62742b72ef63f493', 'corpsecret': 'psWTGTOROf9KK2L9ba-ZP9lXBf0XSOsP5MIGaGwKI7s'}
2019-04-16 15:15:17,450 root INFO baseapi:21 token_url:https://qyapi.weixin.qq.com/cgi-bin/gettoken
2019-04-16 15:15:17,454 urllib3.connectionpool DEBUG connectionpool:813 Starting new HTTPS connection (1): qyapi.weixin.qq.com:443
2019-04-16 15:15:17,939 urllib3.connectionpool DEBUG connectionpool:393 https://qyapi.weixin.qq.com:443 "GET /cgi-bin/gettoken?corpid=ww62742b72ef63f493&corpsecret=psWTGTOROf9KK2L9ba-ZP9lXBf0XSOsP5MIGaGwKI7s HTTP/1.1" 200 277
2019-04-16 15:15:17,946 urllib3.connectionpool DEBUG connectionpool:813 Starting new HTTPS connection (1): qyapi.weixin.qq.com:443
2019-04-16 15:15:18,737 urllib3.connectionpool DEBUG connectionpool:393 https://qyapi.weixin.qq.com:443 "POST /cgi-bin/user/create?access_token=B2K46WUC2PU1ZMqesbcQTwk6SIqF9quViHqnxUaa9WI_Bl4qU8EM_Kg-fJv-xNXUcy_IJlI_fE-xqi6BqZSzP9HKEOW0_7IbdKUweLsKAmhDkoSikeJkvThgB9b4pI1o9BnmeqGptMN0mqpA6Q-WX6wjoYwQgZJ8OHg8rWyfl4G73HPF4dmJfh1ODUmOzPfh_GrX204TOZu_DyxbHGU18A HTTP/1.1" 200 32
2019-04-16 15:15:18,740 root DEBUG test_create_member3:19 case_json_object{'userid': 'xiaohul', 'name': '猎豹6', 'alias': 'liebao', 'mobile': '16913215462', 'department': [1, 3], 'order': [0, 40], 'position': '开发经理', 'gender': '1', 'email': 'liebao6@gzdev.com', 'is_leader_in_dept': [1, 0], 'enable': 1, 'avatar_mediaid': '2sa-MipyTojfas2HfBeAt8vKAsxAMnCBXZCK-wGYjf3ZVtSgVowNLGiAGF3TRObVw', 'telephone': '021-1223456', 'address': '广州市海珠区新港中路'}
2019-04-16 15:15:18,740 root INFO baseapi:20 params{'corpid': 'ww62742b72ef63f493', 'corpsecret': 'psWTGTOROf9KK2L9ba-ZP9lXBf0XSOsP5MIGaGwKI7s'}
2019-04-16 15:15:18,740 root INFO baseapi:21 token_url:https://qyapi.weixin.qq.com/cgi-bin/gettoken
2019-04-16 15:15:18,742 urllib3.connectionpool DEBUG connectionpool:813 Starting new HTTPS connection (1): qyapi.weixin.qq.com:443
2019-04-16 15:15:18,952 urllib3.connectionpool DEBUG connectionpool:393 https://qyapi.weixin.qq.com:443 "GET /cgi-bin/gettoken?corpid=ww62742b72ef63f493&corpsecret=psWTGTOROf9KK2L9ba-ZP9lXBf0XSOsP5MIGaGwKI7s HTTP/1.1" 200 277
2019-04-16 15:15:18,956 urllib3.connectionpool DEBUG connectionpool:813 Starting new HTTPS connection (1): qyapi.weixin.qq.com:443
2019-04-16 15:15:19,611 urllib3.connectionpool DEBUG connectionpool:393 https://qyapi.weixin.qq.com:443 "POST /cgi-bin/user/create?access_token=B2K46WUC2PU1ZMqesbcQTwk6SIqF9quViHqnxUaa9WI_Bl4qU8EM_Kg-fJv-xNXUcy_IJlI_fE-xqi6BqZSzP9HKEOW0_7IbdKUweLsKAmhDkoSikeJkvThgB9b4pI1o9BnmeqGptMN0mqpA6Q-WX6wjoYwQgZJ8OHg8rWyfl4G73HPF4dmJfh1ODUmOzPfh_GrX204TOZu_DyxbHGU18A HTTP/1.1" 200 32
2019-04-16 15:15:19,616 root INFO runner:40 End to execute APP UI automaction cases
2019-04-16 16:25:02,751 root INFO runner:24 Start to execute  automation cases
2019-04-16 16:25:03,298 root INFO baseapi:12 init base api interface
2019-04-16 16:25:03,298 root INFO membermanagment:14 Init member management API
2019-04-16 16:25:03,299 root DEBUG membermanagment:45 ******************json_object{'testcase1': {'req': {'userid': 'liebao', 'name': '猎豹5', 'alias': 'liebao', 'mobile': '16913215452', 'department': [1, 3], 'order': [0, 40], 'position': '开发经理', 'gender': '1', 'email': 'liebao5@gzdev.com', 'is_leader_in_dept': [1, 0], 'enable': 1, 'avatar_mediaid': '2sa-MipyTojfas2HfBeAt8vKAsxAMnCBXZCK-wGYjf3ZVtSgVowNLGiAGF3TRObVw', 'telephone': '021-1223456', 'address': '广州市海珠区新港中路'}, 'res': {'errcode': 0, 'errmsg': 'created'}}, 'testcase2': {'req': {'userid': 'xiaohul', 'name': '猎豹6', 'alias': 'liebao', 'mobile': '16913215462', 'department': [1, 3], 'order': [0, 40], 'position': '开发经理', 'gender': '1', 'email': 'liebao6@gzdev.com', 'is_leader_in_dept': [1, 0], 'enable': 1, 'avatar_mediaid': '2sa-MipyTojfas2HfBeAt8vKAsxAMnCBXZCK-wGYjf3ZVtSgVowNLGiAGF3TRObVw', 'telephone': '021-1223456', 'address': '广州市海珠区新港中路'}, 'res': {'errcode': 0, 'errmsg': 'created'}}}
2019-04-16 16:25:03,299 root DEBUG test_create_member3:19 case_json_object{'userid': 'liebao', 'name': '猎豹5', 'alias': 'liebao', 'mobile': '16913215452', 'department': [1, 3], 'order': [0, 40], 'position': '开发经理', 'gender': '1', 'email': 'liebao5@gzdev.com', 'is_leader_in_dept': [1, 0], 'enable': 1, 'avatar_mediaid': '2sa-MipyTojfas2HfBeAt8vKAsxAMnCBXZCK-wGYjf3ZVtSgVowNLGiAGF3TRObVw', 'telephone': '021-1223456', 'address': '广州市海珠区新港中路'}
2019-04-16 16:25:03,299 root INFO baseapi:20 params{'corpid': 'ww62742b72ef63f493', 'corpsecret': 'psWTGTOROf9KK2L9ba-ZP9lXBf0XSOsP5MIGaGwKI7s'}
2019-04-16 16:25:03,299 root INFO baseapi:21 token_url:https://qyapi.weixin.qq.com/cgi-bin/gettoken
2019-04-16 16:25:03,303 urllib3.connectionpool DEBUG connectionpool:813 Starting new HTTPS connection (1): qyapi.weixin.qq.com:443
2019-04-16 16:25:03,845 urllib3.connectionpool DEBUG connectionpool:393 https://qyapi.weixin.qq.com:443 "GET /cgi-bin/gettoken?corpid=ww62742b72ef63f493&corpsecret=psWTGTOROf9KK2L9ba-ZP9lXBf0XSOsP5MIGaGwKI7s HTTP/1.1" 200 277
2019-04-16 16:25:03,852 urllib3.connectionpool DEBUG connectionpool:813 Starting new HTTPS connection (1): qyapi.weixin.qq.com:443
2019-04-16 16:25:04,539 urllib3.connectionpool DEBUG connectionpool:393 https://qyapi.weixin.qq.com:443 "POST /cgi-bin/user/create?access_token=B2K46WUC2PU1ZMqesbcQTwk6SIqF9quViHqnxUaa9WI_Bl4qU8EM_Kg-fJv-xNXUcy_IJlI_fE-xqi6BqZSzP9HKEOW0_7IbdKUweLsKAmhDkoSikeJkvThgB9b4pI1o9BnmeqGptMN0mqpA6Q-WX6wjoYwQgZJ8OHg8rWyfl4G73HPF4dmJfh1ODUmOzPfh_GrX204TOZu_DyxbHGU18A HTTP/1.1" 200 32
2019-04-16 16:25:04,541 root DEBUG test_create_member3:19 case_json_object{'userid': 'xiaohul', 'name': '猎豹6', 'alias': 'liebao', 'mobile': '16913215462', 'department': [1, 3], 'order': [0, 40], 'position': '开发经理', 'gender': '1', 'email': 'liebao6@gzdev.com', 'is_leader_in_dept': [1, 0], 'enable': 1, 'avatar_mediaid': '2sa-MipyTojfas2HfBeAt8vKAsxAMnCBXZCK-wGYjf3ZVtSgVowNLGiAGF3TRObVw', 'telephone': '021-1223456', 'address': '广州市海珠区新港中路'}
2019-04-16 16:25:04,541 root INFO baseapi:20 params{'corpid': 'ww62742b72ef63f493', 'corpsecret': 'psWTGTOROf9KK2L9ba-ZP9lXBf0XSOsP5MIGaGwKI7s'}
2019-04-16 16:25:04,541 root INFO baseapi:21 token_url:https://qyapi.weixin.qq.com/cgi-bin/gettoken
2019-04-16 16:25:04,543 urllib3.connectionpool DEBUG connectionpool:813 Starting new HTTPS connection (1): qyapi.weixin.qq.com:443
2019-04-16 16:25:04,714 urllib3.connectionpool DEBUG connectionpool:393 https://qyapi.weixin.qq.com:443 "GET /cgi-bin/gettoken?corpid=ww62742b72ef63f493&corpsecret=psWTGTOROf9KK2L9ba-ZP9lXBf0XSOsP5MIGaGwKI7s HTTP/1.1" 200 277
2019-04-16 16:25:04,717 urllib3.connectionpool DEBUG connectionpool:813 Starting new HTTPS connection (1): qyapi.weixin.qq.com:443
2019-04-16 16:25:05,299 urllib3.connectionpool DEBUG connectionpool:393 https://qyapi.weixin.qq.com:443 "POST /cgi-bin/user/create?access_token=B2K46WUC2PU1ZMqesbcQTwk6SIqF9quViHqnxUaa9WI_Bl4qU8EM_Kg-fJv-xNXUcy_IJlI_fE-xqi6BqZSzP9HKEOW0_7IbdKUweLsKAmhDkoSikeJkvThgB9b4pI1o9BnmeqGptMN0mqpA6Q-WX6wjoYwQgZJ8OHg8rWyfl4G73HPF4dmJfh1ODUmOzPfh_GrX204TOZu_DyxbHGU18A HTTP/1.1" 200 32
2019-04-16 16:25:05,304 root INFO runner:40 End to execute APP UI automaction cases
2019-04-16 16:40:01,519 root INFO runner:24 Start to execute  automation cases
2019-04-16 16:40:02,083 root INFO baseapi:12 init base api interface
2019-04-16 16:40:02,083 root INFO membermanagment:14 Init member management API
2019-04-16 16:40:02,083 root DEBUG membermanagment:45 ******************json_object{'testcase1': {'req': {'userid': 'liebao', 'name': '猎豹5', 'alias': 'liebao', 'mobile': '16913215452', 'department': [1, 3], 'order': [0, 40], 'position': '开发经理', 'gender': '1', 'email': 'liebao5@gzdev.com', 'is_leader_in_dept': [1, 0], 'enable': 1, 'avatar_mediaid': '2sa-MipyTojfas2HfBeAt8vKAsxAMnCBXZCK-wGYjf3ZVtSgVowNLGiAGF3TRObVw', 'telephone': '021-1223456', 'address': '广州市海珠区新港中路'}, 'res': {'errcode': 0, 'errmsg': 'created'}}, 'testcase2': {'req': {'userid': 'xiaohul', 'name': '猎豹6', 'alias': 'liebao', 'mobile': '16913215462', 'department': [1, 3], 'order': [0, 40], 'position': '开发经理', 'gender': '1', 'email': 'liebao6@gzdev.com', 'is_leader_in_dept': [1, 0], 'enable': 1, 'avatar_mediaid': '2sa-MipyTojfas2HfBeAt8vKAsxAMnCBXZCK-wGYjf3ZVtSgVowNLGiAGF3TRObVw', 'telephone': '021-1223456', 'address': '广州市海珠区新港中路'}, 'res': {'errcode': 0, 'errmsg': 'created'}}}
2019-04-16 16:40:02,084 root DEBUG test_create_member3:19 case_json_object{'userid': 'liebao', 'name': '猎豹5', 'alias': 'liebao', 'mobile': '16913215452', 'department': [1, 3], 'order': [0, 40], 'position': '开发经理', 'gender': '1', 'email': 'liebao5@gzdev.com', 'is_leader_in_dept': [1, 0], 'enable': 1, 'avatar_mediaid': '2sa-MipyTojfas2HfBeAt8vKAsxAMnCBXZCK-wGYjf3ZVtSgVowNLGiAGF3TRObVw', 'telephone': '021-1223456', 'address': '广州市海珠区新港中路'}
2019-04-16 16:40:02,084 root INFO baseapi:20 params{'corpid': 'ww62742b72ef63f493', 'corpsecret': 'psWTGTOROf9KK2L9ba-ZP9lXBf0XSOsP5MIGaGwKI7s'}
2019-04-16 16:40:02,084 root INFO baseapi:21 token_url:https://qyapi.weixin.qq.com/cgi-bin/gettoken
2019-04-16 16:40:02,087 urllib3.connectionpool DEBUG connectionpool:813 Starting new HTTPS connection (1): qyapi.weixin.qq.com:443
2019-04-16 16:40:02,615 urllib3.connectionpool DEBUG connectionpool:393 https://qyapi.weixin.qq.com:443 "GET /cgi-bin/gettoken?corpid=ww62742b72ef63f493&corpsecret=psWTGTOROf9KK2L9ba-ZP9lXBf0XSOsP5MIGaGwKI7s HTTP/1.1" 200 277
2019-04-16 16:40:02,619 urllib3.connectionpool DEBUG connectionpool:813 Starting new HTTPS connection (1): qyapi.weixin.qq.com:443
2019-04-16 16:40:03,264 urllib3.connectionpool DEBUG connectionpool:393 https://qyapi.weixin.qq.com:443 "POST /cgi-bin/user/create?access_token=B2K46WUC2PU1ZMqesbcQTwk6SIqF9quViHqnxUaa9WI_Bl4qU8EM_Kg-fJv-xNXUcy_IJlI_fE-xqi6BqZSzP9HKEOW0_7IbdKUweLsKAmhDkoSikeJkvThgB9b4pI1o9BnmeqGptMN0mqpA6Q-WX6wjoYwQgZJ8OHg8rWyfl4G73HPF4dmJfh1ODUmOzPfh_GrX204TOZu_DyxbHGU18A HTTP/1.1" 200 32
2019-04-16 16:40:03,267 root INFO comparator:13 live_json {'errcode': 0, 'errmsg': 'created'}
2019-04-16 16:40:03,267 root INFO comparator:14 std_json {'errcode': 0, 'errmsg': 'created'}
2019-04-16 16:40:03,267 root DEBUG test_create_member3:19 case_json_object{'userid': 'xiaohul', 'name': '猎豹6', 'alias': 'liebao', 'mobile': '16913215462', 'department': [1, 3], 'order': [0, 40], 'position': '开发经理', 'gender': '1', 'email': 'liebao6@gzdev.com', 'is_leader_in_dept': [1, 0], 'enable': 1, 'avatar_mediaid': '2sa-MipyTojfas2HfBeAt8vKAsxAMnCBXZCK-wGYjf3ZVtSgVowNLGiAGF3TRObVw', 'telephone': '021-1223456', 'address': '广州市海珠区新港中路'}
2019-04-16 16:40:03,267 root INFO baseapi:20 params{'corpid': 'ww62742b72ef63f493', 'corpsecret': 'psWTGTOROf9KK2L9ba-ZP9lXBf0XSOsP5MIGaGwKI7s'}
2019-04-16 16:40:03,267 root INFO baseapi:21 token_url:https://qyapi.weixin.qq.com/cgi-bin/gettoken
2019-04-16 16:40:03,269 urllib3.connectionpool DEBUG connectionpool:813 Starting new HTTPS connection (1): qyapi.weixin.qq.com:443
2019-04-16 16:40:03,467 urllib3.connectionpool DEBUG connectionpool:393 https://qyapi.weixin.qq.com:443 "GET /cgi-bin/gettoken?corpid=ww62742b72ef63f493&corpsecret=psWTGTOROf9KK2L9ba-ZP9lXBf0XSOsP5MIGaGwKI7s HTTP/1.1" 200 277
2019-04-16 16:40:03,471 urllib3.connectionpool DEBUG connectionpool:813 Starting new HTTPS connection (1): qyapi.weixin.qq.com:443
2019-04-16 16:40:04,167 urllib3.connectionpool DEBUG connectionpool:393 https://qyapi.weixin.qq.com:443 "POST /cgi-bin/user/create?access_token=B2K46WUC2PU1ZMqesbcQTwk6SIqF9quViHqnxUaa9WI_Bl4qU8EM_Kg-fJv-xNXUcy_IJlI_fE-xqi6BqZSzP9HKEOW0_7IbdKUweLsKAmhDkoSikeJkvThgB9b4pI1o9BnmeqGptMN0mqpA6Q-WX6wjoYwQgZJ8OHg8rWyfl4G73HPF4dmJfh1ODUmOzPfh_GrX204TOZu_DyxbHGU18A HTTP/1.1" 200 32
2019-04-16 16:40:04,169 root INFO comparator:13 live_json {'errcode': 0, 'errmsg': 'created'}
2019-04-16 16:40:04,169 root INFO comparator:14 std_json {'errcode': 0, 'errmsg': 'created'}
2019-04-16 16:40:04,258 root INFO runner:40 End to execute APP UI automaction cases
2019-04-16 16:41:24,458 root INFO runner:24 Start to execute  automation cases
2019-04-16 16:41:24,973 root INFO baseapi:12 init base api interface
2019-04-16 16:41:24,973 root INFO membermanagment:14 Init member management API
2019-04-16 16:41:24,974 root DEBUG membermanagment:45 ******************json_object{'testcase1': {'req': {'userid': 'liebao', 'name': '猎豹5', 'alias': 'liebao', 'mobile': '16913215452', 'department': [1, 3], 'order': [0, 40], 'position': '开发经理', 'gender': '1', 'email': 'liebao5@gzdev.com', 'is_leader_in_dept': [1, 0], 'enable': 1, 'avatar_mediaid': '2sa-MipyTojfas2HfBeAt8vKAsxAMnCBXZCK-wGYjf3ZVtSgVowNLGiAGF3TRObVw', 'telephone': '021-1223456', 'address': '广州市海珠区新港中路'}, 'res': {'errcode': 0, 'errmsg': 'Created'}}, 'testcase2': {'req': {'userid': 'xiaohul', 'name': '猎豹6', 'alias': 'liebao', 'mobile': '16913215462', 'department': [1, 3], 'order': [0, 40], 'position': '开发经理', 'gender': '1', 'email': 'liebao6@gzdev.com', 'is_leader_in_dept': [1, 0], 'enable': 1, 'avatar_mediaid': '2sa-MipyTojfas2HfBeAt8vKAsxAMnCBXZCK-wGYjf3ZVtSgVowNLGiAGF3TRObVw', 'telephone': '021-1223456', 'address': '广州市海珠区新港中路'}, 'res': {'errcode': 0, 'errmsg': 'created'}}}
2019-04-16 16:41:24,974 root DEBUG test_create_member3:19 case_json_object{'userid': 'liebao', 'name': '猎豹5', 'alias': 'liebao', 'mobile': '16913215452', 'department': [1, 3], 'order': [0, 40], 'position': '开发经理', 'gender': '1', 'email': 'liebao5@gzdev.com', 'is_leader_in_dept': [1, 0], 'enable': 1, 'avatar_mediaid': '2sa-MipyTojfas2HfBeAt8vKAsxAMnCBXZCK-wGYjf3ZVtSgVowNLGiAGF3TRObVw', 'telephone': '021-1223456', 'address': '广州市海珠区新港中路'}
2019-04-16 16:41:24,974 root INFO baseapi:20 params{'corpid': 'ww62742b72ef63f493', 'corpsecret': 'psWTGTOROf9KK2L9ba-ZP9lXBf0XSOsP5MIGaGwKI7s'}
2019-04-16 16:41:24,974 root INFO baseapi:21 token_url:https://qyapi.weixin.qq.com/cgi-bin/gettoken
2019-04-16 16:41:24,979 urllib3.connectionpool DEBUG connectionpool:813 Starting new HTTPS connection (1): qyapi.weixin.qq.com:443
2019-04-16 16:41:25,408 urllib3.connectionpool DEBUG connectionpool:393 https://qyapi.weixin.qq.com:443 "GET /cgi-bin/gettoken?corpid=ww62742b72ef63f493&corpsecret=psWTGTOROf9KK2L9ba-ZP9lXBf0XSOsP5MIGaGwKI7s HTTP/1.1" 200 277
2019-04-16 16:41:25,412 urllib3.connectionpool DEBUG connectionpool:813 Starting new HTTPS connection (1): qyapi.weixin.qq.com:443
2019-04-16 16:41:25,969 urllib3.connectionpool DEBUG connectionpool:393 https://qyapi.weixin.qq.com:443 "POST /cgi-bin/user/create?access_token=B2K46WUC2PU1ZMqesbcQTwk6SIqF9quViHqnxUaa9WI_Bl4qU8EM_Kg-fJv-xNXUcy_IJlI_fE-xqi6BqZSzP9HKEOW0_7IbdKUweLsKAmhDkoSikeJkvThgB9b4pI1o9BnmeqGptMN0mqpA6Q-WX6wjoYwQgZJ8OHg8rWyfl4G73HPF4dmJfh1ODUmOzPfh_GrX204TOZu_DyxbHGU18A HTTP/1.1" 200 32
2019-04-16 16:41:25,971 root INFO comparator:13 live_json {'errcode': 0, 'errmsg': 'created'}
2019-04-16 16:41:25,971 root INFO comparator:14 std_json {'errcode': 0, 'errmsg': 'Created'}
2019-04-16 16:41:26,099 root INFO runner:40 End to execute APP UI automaction cases
2019-04-16 16:58:04,681 root INFO runner:24 Start to execute  automation cases
2019-04-16 16:58:05,256 root INFO baseapi:12 init base api interface
2019-04-16 16:58:05,256 root INFO membermanagment:14 Init member management API
2019-04-16 16:58:05,257 root DEBUG membermanagment:45 ******************json_object{'testcase1': {'req': {'userid': 'liebao', 'name': '猎豹5', 'alias': 'liebao', 'mobile': '16913215452', 'department': [1, 3], 'order': [0, 40], 'position': '开发经理', 'gender': '1', 'email': 'liebao5@gzdev.com', 'is_leader_in_dept': [1, 0], 'enable': 1, 'avatar_mediaid': '2sa-MipyTojfas2HfBeAt8vKAsxAMnCBXZCK-wGYjf3ZVtSgVowNLGiAGF3TRObVw', 'telephone': '021-1223456', 'address': '广州市海珠区新港中路'}, 'res': {'errcode': 0, 'errmsg': 'created'}}, 'testcase2': {'req': {'userid': 'xiaohul', 'name': '猎豹6', 'alias': 'liebao', 'mobile': '16913215462', 'department': [1, 3], 'order': [0, 40], 'position': '开发经理', 'gender': '1', 'email': 'liebao6@gzdev.com', 'is_leader_in_dept': [1, 0], 'enable': 1, 'avatar_mediaid': '2sa-MipyTojfas2HfBeAt8vKAsxAMnCBXZCK-wGYjf3ZVtSgVowNLGiAGF3TRObVw', 'telephone': '021-1223456', 'address': '广州市海珠区新港中路'}, 'res': {'errcode': 0, 'errmsg': 'created'}}}
2019-04-16 16:58:05,257 root DEBUG test_create_member4:20 case_json_object{'userid': 'liebao', 'name': '猎豹5', 'alias': 'liebao', 'mobile': '16913215452', 'department': [1, 3], 'order': [0, 40], 'position': '开发经理', 'gender': '1', 'email': 'liebao5@gzdev.com', 'is_leader_in_dept': [1, 0], 'enable': 1, 'avatar_mediaid': '2sa-MipyTojfas2HfBeAt8vKAsxAMnCBXZCK-wGYjf3ZVtSgVowNLGiAGF3TRObVw', 'telephone': '021-1223456', 'address': '广州市海珠区新港中路'}
2019-04-16 16:58:05,257 root INFO baseapi:20 params{'corpid': 'ww62742b72ef63f493', 'corpsecret': 'psWTGTOROf9KK2L9ba-ZP9lXBf0XSOsP5MIGaGwKI7s'}
2019-04-16 16:58:05,257 root INFO baseapi:21 token_url:https://qyapi.weixin.qq.com/cgi-bin/gettoken
2019-04-16 16:58:05,263 urllib3.connectionpool DEBUG connectionpool:813 Starting new HTTPS connection (1): qyapi.weixin.qq.com:443
2019-04-16 16:58:05,819 urllib3.connectionpool DEBUG connectionpool:393 https://qyapi.weixin.qq.com:443 "GET /cgi-bin/gettoken?corpid=ww62742b72ef63f493&corpsecret=psWTGTOROf9KK2L9ba-ZP9lXBf0XSOsP5MIGaGwKI7s HTTP/1.1" 200 277
2019-04-16 16:58:05,823 urllib3.connectionpool DEBUG connectionpool:813 Starting new HTTPS connection (1): qyapi.weixin.qq.com:443
2019-04-16 16:58:06,472 urllib3.connectionpool DEBUG connectionpool:393 https://qyapi.weixin.qq.com:443 "POST /cgi-bin/user/create?access_token=B2K46WUC2PU1ZMqesbcQTwk6SIqF9quViHqnxUaa9WI_Bl4qU8EM_Kg-fJv-xNXUcy_IJlI_fE-xqi6BqZSzP9HKEOW0_7IbdKUweLsKAmhDkoSikeJkvThgB9b4pI1o9BnmeqGptMN0mqpA6Q-WX6wjoYwQgZJ8OHg8rWyfl4G73HPF4dmJfh1ODUmOzPfh_GrX204TOZu_DyxbHGU18A HTTP/1.1" 200 32
2019-04-16 16:58:06,474 root INFO comparator:13 live_json {'errcode': 0, 'errmsg': 'created'}
2019-04-16 16:58:06,474 root INFO comparator:14 std_json {'errcode': 0, 'errmsg': 'created'}
2019-04-16 16:58:06,474 root DEBUG test_create_member4:20 case_json_object{'userid': 'xiaohul', 'name': '猎豹6', 'alias': 'liebao', 'mobile': '16913215462', 'department': [1, 3], 'order': [0, 40], 'position': '开发经理', 'gender': '1', 'email': 'liebao6@gzdev.com', 'is_leader_in_dept': [1, 0], 'enable': 1, 'avatar_mediaid': '2sa-MipyTojfas2HfBeAt8vKAsxAMnCBXZCK-wGYjf3ZVtSgVowNLGiAGF3TRObVw', 'telephone': '021-1223456', 'address': '广州市海珠区新港中路'}
2019-04-16 16:58:06,474 root INFO baseapi:20 params{'corpid': 'ww62742b72ef63f493', 'corpsecret': 'psWTGTOROf9KK2L9ba-ZP9lXBf0XSOsP5MIGaGwKI7s'}
2019-04-16 16:58:06,474 root INFO baseapi:21 token_url:https://qyapi.weixin.qq.com/cgi-bin/gettoken
2019-04-16 16:58:06,477 urllib3.connectionpool DEBUG connectionpool:813 Starting new HTTPS connection (1): qyapi.weixin.qq.com:443
2019-04-16 16:58:06,673 urllib3.connectionpool DEBUG connectionpool:393 https://qyapi.weixin.qq.com:443 "GET /cgi-bin/gettoken?corpid=ww62742b72ef63f493&corpsecret=psWTGTOROf9KK2L9ba-ZP9lXBf0XSOsP5MIGaGwKI7s HTTP/1.1" 200 277
2019-04-16 16:58:06,677 urllib3.connectionpool DEBUG connectionpool:813 Starting new HTTPS connection (1): qyapi.weixin.qq.com:443
2019-04-16 16:58:07,217 urllib3.connectionpool DEBUG connectionpool:393 https://qyapi.weixin.qq.com:443 "POST /cgi-bin/user/create?access_token=B2K46WUC2PU1ZMqesbcQTwk6SIqF9quViHqnxUaa9WI_Bl4qU8EM_Kg-fJv-xNXUcy_IJlI_fE-xqi6BqZSzP9HKEOW0_7IbdKUweLsKAmhDkoSikeJkvThgB9b4pI1o9BnmeqGptMN0mqpA6Q-WX6wjoYwQgZJ8OHg8rWyfl4G73HPF4dmJfh1ODUmOzPfh_GrX204TOZu_DyxbHGU18A HTTP/1.1" 200 32
2019-04-16 16:58:07,219 root INFO comparator:13 live_json {'errcode': 0, 'errmsg': 'created'}
2019-04-16 16:58:07,219 root INFO comparator:14 std_json {'errcode': 0, 'errmsg': 'created'}
2019-04-16 16:58:07,226 root INFO runner:41 End to execute APP UI automaction cases
2019-04-16 17:09:29,931 root INFO runner:24 Start to execute  automation cases
2019-04-16 17:09:30,443 root INFO baseapi:12 init base api interface
2019-04-16 17:09:30,444 root INFO membermanagment:14 Init member management API
2019-04-16 17:09:30,444 root DEBUG membermanagment:45 ******************json_object{'testcase1': {'req': {'userid': 'liebao', 'name': '猎豹5', 'alias': 'liebao', 'mobile': '16913215452', 'department': [1, 3], 'order': [0, 40], 'position': '开发经理', 'gender': '1', 'email': 'liebao5@gzdev.com', 'is_leader_in_dept': [1, 0], 'enable': 1, 'avatar_mediaid': '2sa-MipyTojfas2HfBeAt8vKAsxAMnCBXZCK-wGYjf3ZVtSgVowNLGiAGF3TRObVw', 'telephone': '021-1223456', 'address': '广州市海珠区新港中路'}, 'res': {'errcode': 0, 'errmsg': 'created'}}, 'testcase2': {'req': {'userid': 'xiaohul', 'name': '猎豹6', 'alias': 'liebao', 'mobile': '16913215462', 'department': [1, 3], 'order': [0, 40], 'position': '开发经理', 'gender': '1', 'email': 'liebao6@gzdev.com', 'is_leader_in_dept': [1, 0], 'enable': 1, 'avatar_mediaid': '2sa-MipyTojfas2HfBeAt8vKAsxAMnCBXZCK-wGYjf3ZVtSgVowNLGiAGF3TRObVw', 'telephone': '021-1223456', 'address': '广州市海珠区新港中路'}, 'res': {'errcode': 0, 'errmsg': 'created'}}}
2019-04-16 17:09:30,445 root DEBUG test_create_member4:21 case_json_object{'userid': 'liebao', 'name': '猎豹5', 'alias': 'liebao', 'mobile': '16913215452', 'department': [1, 3], 'order': [0, 40], 'position': '开发经理', 'gender': '1', 'email': 'liebao5@gzdev.com', 'is_leader_in_dept': [1, 0], 'enable': 1, 'avatar_mediaid': '2sa-MipyTojfas2HfBeAt8vKAsxAMnCBXZCK-wGYjf3ZVtSgVowNLGiAGF3TRObVw', 'telephone': '021-1223456', 'address': '广州市海珠区新港中路'}
2019-04-16 17:09:30,445 root INFO baseapi:20 params{'corpid': 'ww62742b72ef63f493', 'corpsecret': 'psWTGTOROf9KK2L9ba-ZP9lXBf0XSOsP5MIGaGwKI7s'}
2019-04-16 17:09:30,445 root INFO baseapi:21 token_url:https://qyapi.weixin.qq.com/cgi-bin/gettoken
2019-04-16 17:09:30,449 urllib3.connectionpool DEBUG connectionpool:813 Starting new HTTPS connection (1): qyapi.weixin.qq.com:443
2019-04-16 17:09:30,931 urllib3.connectionpool DEBUG connectionpool:393 https://qyapi.weixin.qq.com:443 "GET /cgi-bin/gettoken?corpid=ww62742b72ef63f493&corpsecret=psWTGTOROf9KK2L9ba-ZP9lXBf0XSOsP5MIGaGwKI7s HTTP/1.1" 200 277
2019-04-16 17:09:30,938 urllib3.connectionpool DEBUG connectionpool:813 Starting new HTTPS connection (1): qyapi.weixin.qq.com:443
2019-04-16 17:09:31,496 urllib3.connectionpool DEBUG connectionpool:393 https://qyapi.weixin.qq.com:443 "POST /cgi-bin/user/create?access_token=B2K46WUC2PU1ZMqesbcQTwk6SIqF9quViHqnxUaa9WI_Bl4qU8EM_Kg-fJv-xNXUcy_IJlI_fE-xqi6BqZSzP9HKEOW0_7IbdKUweLsKAmhDkoSikeJkvThgB9b4pI1o9BnmeqGptMN0mqpA6Q-WX6wjoYwQgZJ8OHg8rWyfl4G73HPF4dmJfh1ODUmOzPfh_GrX204TOZu_DyxbHGU18A HTTP/1.1" 200 32
2019-04-16 17:09:31,500 root INFO comparator:13 live_json {'errcode': 0, 'errmsg': 'created'}
2019-04-16 17:09:31,500 root INFO comparator:14 std_json {'errcode': 0, 'errmsg': 'created'}
2019-04-16 17:09:31,500 root DEBUG test_create_member4:21 case_json_object{'userid': 'xiaohul', 'name': '猎豹6', 'alias': 'liebao', 'mobile': '16913215462', 'department': [1, 3], 'order': [0, 40], 'position': '开发经理', 'gender': '1', 'email': 'liebao6@gzdev.com', 'is_leader_in_dept': [1, 0], 'enable': 1, 'avatar_mediaid': '2sa-MipyTojfas2HfBeAt8vKAsxAMnCBXZCK-wGYjf3ZVtSgVowNLGiAGF3TRObVw', 'telephone': '021-1223456', 'address': '广州市海珠区新港中路'}
2019-04-16 17:09:31,501 root INFO baseapi:20 params{'corpid': 'ww62742b72ef63f493', 'corpsecret': 'psWTGTOROf9KK2L9ba-ZP9lXBf0XSOsP5MIGaGwKI7s'}
2019-04-16 17:09:31,501 root INFO baseapi:21 token_url:https://qyapi.weixin.qq.com/cgi-bin/gettoken
2019-04-16 17:09:31,504 urllib3.connectionpool DEBUG connectionpool:813 Starting new HTTPS connection (1): qyapi.weixin.qq.com:443
2019-04-16 17:09:31,696 urllib3.connectionpool DEBUG connectionpool:393 https://qyapi.weixin.qq.com:443 "GET /cgi-bin/gettoken?corpid=ww62742b72ef63f493&corpsecret=psWTGTOROf9KK2L9ba-ZP9lXBf0XSOsP5MIGaGwKI7s HTTP/1.1" 200 277
2019-04-16 17:09:31,703 urllib3.connectionpool DEBUG connectionpool:813 Starting new HTTPS connection (1): qyapi.weixin.qq.com:443
2019-04-16 17:09:32,307 urllib3.connectionpool DEBUG connectionpool:393 https://qyapi.weixin.qq.com:443 "POST /cgi-bin/user/create?access_token=B2K46WUC2PU1ZMqesbcQTwk6SIqF9quViHqnxUaa9WI_Bl4qU8EM_Kg-fJv-xNXUcy_IJlI_fE-xqi6BqZSzP9HKEOW0_7IbdKUweLsKAmhDkoSikeJkvThgB9b4pI1o9BnmeqGptMN0mqpA6Q-WX6wjoYwQgZJ8OHg8rWyfl4G73HPF4dmJfh1ODUmOzPfh_GrX204TOZu_DyxbHGU18A HTTP/1.1" 200 32
2019-04-16 17:09:32,311 root INFO comparator:13 live_json {'errcode': 0, 'errmsg': 'created'}
2019-04-16 17:09:32,311 root INFO comparator:14 std_json {'errcode': 0, 'errmsg': 'created'}
2019-04-16 17:09:32,437 root INFO baseapi:12 init base api interface
2019-04-16 17:09:32,438 root INFO membermanagment:14 Init member management API
2019-04-16 17:09:32,562 root DEBUG membermanagment:45 ******************json_object{'testlink001': {'req': {'userid': 'liebao', 'name': '猎豹5', 'alias': 'liebao', 'mobile': '16913215452', 'department': [1, 3], 'order': [0, 40], 'position': '开发经理', 'gender': '1', 'email': 'liebao5@gzdev.com', 'is_leader_in_dept': [1, 0], 'enable': 1, 'avatar_mediaid': '2sa-MipyTojfas2HfBeAt8vKAsxAMnCBXZCK-wGYjf3ZVtSgVowNLGiAGF3TRObVw', 'telephone': '021-1223456', 'address': '广州市海珠区新港中路'}, 'res': {'errcode': 0, 'errmsg': 'created'}}, 'testlink002': {'req': {'userid': 'xiaohul', 'name': '猎豹6', 'alias': 'liebao', 'mobile': '16913215462', 'department': [1, 3], 'order': [0, 40], 'position': '开发经理', 'gender': '1', 'email': 'liebao6@gzdev.com', 'is_leader_in_dept': [1, 0], 'enable': 1, 'avatar_mediaid': '2sa-MipyTojfas2HfBeAt8vKAsxAMnCBXZCK-wGYjf3ZVtSgVowNLGiAGF3TRObVw', 'telephone': '021-1223456', 'address': '广州市海珠区新港中路'}, 'res': {'errcode': 0, 'errmsg': 'created'}}}
2019-04-16 17:09:32,593 root INFO runner:42 End to execute APP UI automaction cases
2019-04-16 17:10:26,930 root INFO runner:24 Start to execute  automation cases
2019-04-16 17:10:27,445 root INFO baseapi:12 init base api interface
2019-04-16 17:10:27,445 root INFO membermanagment:14 Init member management API
2019-04-16 17:10:27,524 root DEBUG membermanagment:45 ******************json_object{'testlink001': {'req': {'userid': 'liebao', 'name': '猎豹5', 'alias': 'liebao', 'mobile': '16913215452', 'department': [1, 3], 'order': [0, 40], 'position': '开发经理', 'gender': '1', 'email': 'liebao5@gzdev.com', 'is_leader_in_dept': [1, 0], 'enable': 1, 'avatar_mediaid': '2sa-MipyTojfas2HfBeAt8vKAsxAMnCBXZCK-wGYjf3ZVtSgVowNLGiAGF3TRObVw', 'telephone': '021-1223456', 'address': '广州市海珠区新港中路'}, 'res': {'errcode': 0, 'errmsg': 'created'}}, 'testlink002': {'req': {'userid': 'xiaohul', 'name': '猎豹6', 'alias': 'liebao', 'mobile': '16913215462', 'department': [1, 3], 'order': [0, 40], 'position': '开发经理', 'gender': '1', 'email': 'liebao6@gzdev.com', 'is_leader_in_dept': [1, 0], 'enable': 1, 'avatar_mediaid': '2sa-MipyTojfas2HfBeAt8vKAsxAMnCBXZCK-wGYjf3ZVtSgVowNLGiAGF3TRObVw', 'telephone': '021-1223456', 'address': '广州市海珠区新港中路'}, 'res': {'errcode': 0, 'errmsg': 'created'}}}
2019-04-16 17:10:27,524 root DEBUG test_create_member5:23 case_json_object{'userid': 'liebao', 'name': '猎豹5', 'alias': 'liebao', 'mobile': '16913215452', 'department': [1, 3], 'order': [0, 40], 'position': '开发经理', 'gender': '1', 'email': 'liebao5@gzdev.com', 'is_leader_in_dept': [1, 0], 'enable': 1, 'avatar_mediaid': '2sa-MipyTojfas2HfBeAt8vKAsxAMnCBXZCK-wGYjf3ZVtSgVowNLGiAGF3TRObVw', 'telephone': '021-1223456', 'address': '广州市海珠区新港中路'}
2019-04-16 17:10:27,525 root INFO baseapi:20 params{'corpid': 'ww62742b72ef63f493', 'corpsecret': 'psWTGTOROf9KK2L9ba-ZP9lXBf0XSOsP5MIGaGwKI7s'}
2019-04-16 17:10:27,525 root INFO baseapi:21 token_url:https://qyapi.weixin.qq.com/cgi-bin/gettoken
2019-04-16 17:10:27,529 urllib3.connectionpool DEBUG connectionpool:813 Starting new HTTPS connection (1): qyapi.weixin.qq.com:443
2019-04-16 17:10:28,203 urllib3.connectionpool DEBUG connectionpool:393 https://qyapi.weixin.qq.com:443 "GET /cgi-bin/gettoken?corpid=ww62742b72ef63f493&corpsecret=psWTGTOROf9KK2L9ba-ZP9lXBf0XSOsP5MIGaGwKI7s HTTP/1.1" 200 277
2019-04-16 17:10:28,207 urllib3.connectionpool DEBUG connectionpool:813 Starting new HTTPS connection (1): qyapi.weixin.qq.com:443
2019-04-16 17:10:29,013 urllib3.connectionpool DEBUG connectionpool:393 https://qyapi.weixin.qq.com:443 "POST /cgi-bin/user/create?access_token=B2K46WUC2PU1ZMqesbcQTwk6SIqF9quViHqnxUaa9WI_Bl4qU8EM_Kg-fJv-xNXUcy_IJlI_fE-xqi6BqZSzP9HKEOW0_7IbdKUweLsKAmhDkoSikeJkvThgB9b4pI1o9BnmeqGptMN0mqpA6Q-WX6wjoYwQgZJ8OHg8rWyfl4G73HPF4dmJfh1ODUmOzPfh_GrX204TOZu_DyxbHGU18A HTTP/1.1" 200 32
2019-04-16 17:10:29,036 root INFO runner:42 End to execute APP UI automaction cases
2019-04-16 17:11:03,852 root INFO runner:24 Start to execute  automation cases
2019-04-16 17:11:04,367 root INFO baseapi:12 init base api interface
2019-04-16 17:11:04,367 root INFO membermanagment:14 Init member management API
2019-04-16 17:11:04,448 root DEBUG membermanagment:45 ******************json_object{'testlink001': {'req': {'userid': 'liebao', 'name': '猎豹5', 'alias': 'liebao', 'mobile': '16913215452', 'department': [1, 3], 'order': [0, 40], 'position': '开发经理', 'gender': '1', 'email': 'liebao5@gzdev.com', 'is_leader_in_dept': [1, 0], 'enable': 1, 'avatar_mediaid': '2sa-MipyTojfas2HfBeAt8vKAsxAMnCBXZCK-wGYjf3ZVtSgVowNLGiAGF3TRObVw', 'telephone': '021-1223456', 'address': '广州市海珠区新港中路'}, 'res': {'errcode': 0, 'errmsg': 'created'}}, 'testlink002': {'req': {'userid': 'xiaohul', 'name': '猎豹6', 'alias': 'liebao', 'mobile': '16913215462', 'department': [1, 3], 'order': [0, 40], 'position': '开发经理', 'gender': '1', 'email': 'liebao6@gzdev.com', 'is_leader_in_dept': [1, 0], 'enable': 1, 'avatar_mediaid': '2sa-MipyTojfas2HfBeAt8vKAsxAMnCBXZCK-wGYjf3ZVtSgVowNLGiAGF3TRObVw', 'telephone': '021-1223456', 'address': '广州市海珠区新港中路'}, 'res': {'errcode': 0, 'errmsg': 'created'}}}
2019-04-16 17:11:04,448 root DEBUG test_create_member5:23 case_json_object{'userid': 'liebao', 'name': '猎豹5', 'alias': 'liebao', 'mobile': '16913215452', 'department': [1, 3], 'order': [0, 40], 'position': '开发经理', 'gender': '1', 'email': 'liebao5@gzdev.com', 'is_leader_in_dept': [1, 0], 'enable': 1, 'avatar_mediaid': '2sa-MipyTojfas2HfBeAt8vKAsxAMnCBXZCK-wGYjf3ZVtSgVowNLGiAGF3TRObVw', 'telephone': '021-1223456', 'address': '广州市海珠区新港中路'}
2019-04-16 17:11:04,449 root INFO baseapi:20 params{'corpid': 'ww62742b72ef63f493', 'corpsecret': 'psWTGTOROf9KK2L9ba-ZP9lXBf0XSOsP5MIGaGwKI7s'}
2019-04-16 17:11:04,449 root INFO baseapi:21 token_url:https://qyapi.weixin.qq.com/cgi-bin/gettoken
2019-04-16 17:11:04,453 urllib3.connectionpool DEBUG connectionpool:813 Starting new HTTPS connection (1): qyapi.weixin.qq.com:443
2019-04-16 17:11:04,947 urllib3.connectionpool DEBUG connectionpool:393 https://qyapi.weixin.qq.com:443 "GET /cgi-bin/gettoken?corpid=ww62742b72ef63f493&corpsecret=psWTGTOROf9KK2L9ba-ZP9lXBf0XSOsP5MIGaGwKI7s HTTP/1.1" 200 277
2019-04-16 17:11:04,951 urllib3.connectionpool DEBUG connectionpool:813 Starting new HTTPS connection (1): qyapi.weixin.qq.com:443
2019-04-16 17:11:05,498 urllib3.connectionpool DEBUG connectionpool:393 https://qyapi.weixin.qq.com:443 "POST /cgi-bin/user/create?access_token=B2K46WUC2PU1ZMqesbcQTwk6SIqF9quViHqnxUaa9WI_Bl4qU8EM_Kg-fJv-xNXUcy_IJlI_fE-xqi6BqZSzP9HKEOW0_7IbdKUweLsKAmhDkoSikeJkvThgB9b4pI1o9BnmeqGptMN0mqpA6Q-WX6wjoYwQgZJ8OHg8rWyfl4G73HPF4dmJfh1ODUmOzPfh_GrX204TOZu_DyxbHGU18A HTTP/1.1" 200 32
2019-04-16 17:11:05,500 root INFO comparator:13 live_json {'errcode': 0, 'errmsg': 'created'}
2019-04-16 17:11:05,500 root INFO comparator:14 std_json {'errcode': 0, 'errmsg': 'created'}
2019-04-16 17:11:05,508 root INFO runner:42 End to execute APP UI automaction cases
